<?xml version="1.0" encoding="UTF-8"?>
<!-- Generated by org.testng.reporters.JUnitReportReporter -->
<testsuite skipped="1" hostname="LAPTOP-FV2J3VPJ" name="Tutorials.AdditionPlace" tests="1" failures="0" timestamp="30 Jun 2020 16:23:12 GMT" time="0.000" errors="0">
  <testcase name="test" time="0.000" classname="Tutorials.AdditionPlace">
    <skipped/>
  </testcase> <!-- test -->
</testsuite> <!-- Tutorials.AdditionPlace -->
